<?xml version="1.0" encoding="UTF-8" ?>
<testsuite tests="1" failures="0" name="org.dubbo.demo.api.lvcr.AppTest" time="0.004" errors="0" skipped="0">
  <properties>
    <property name="java.runtime.name" value="Java(TM) SE Runtime Environment"/>
    <property name="sun.boot.library.path" value="E:\mysoft\jdk1.8.0_66\jdk1.8.0_66\jre\bin"/>
    <property name="java.vm.version" value="25.66-b17"/>
    <property name="java.vm.vendor" value="Oracle Corporation"/>
    <property name="java.vendor.url" value="http://java.oracle.com/"/>
    <property name="path.separator" value=";"/>
    <property name="guice.disable.misplaced.annotation.check" value="true"/>
    <property name="java.vm.name" value="Java HotSpot(TM) 64-Bit Server VM"/>
    <property name="file.encoding.pkg" value="sun.io"/>
    <property name="user.script" value=""/>
    <property name="user.country" value="CN"/>
    <property name="sun.java.launcher" value="SUN_STANDARD"/>
    <property name="sun.os.patch.level" value="Service Pack 1"/>
    <property name="java.vm.specification.name" value="Java Virtual Machine Specification"/>
    <property name="user.dir" value="E:\eclipse\codeWorkspace\dongnao\dubbo-demo-parent-lvcr"/>
    <property name="java.runtime.version" value="1.8.0_66-b17"/>
    <property name="java.awt.graphicsenv" value="sun.awt.Win32GraphicsEnvironment"/>
    <property name="java.endorsed.dirs" value="E:\mysoft\jdk1.8.0_66\jdk1.8.0_66\jre\lib\endorsed"/>
    <property name="os.arch" value="amd64"/>
    <property name="java.io.tmpdir" value="C:\Users\ADMINI~1\AppData\Local\Temp\"/>
    <property name="line.separator" value="
"/>
    <property name="java.vm.specification.vendor" value="Oracle Corporation"/>
    <property name="user.variant" value=""/>
    <property name="os.name" value="Windows 7"/>
    <property name="classworlds.conf" value="E:\eclipse\codeWorkspace\dongnao\.metadata\.plugins\org.eclipse.m2e.launching\launches\m2conf4720697097243306642.tmp"/>
    <property name="sun.jnu.encoding" value="GBK"/>
    <property name="java.library.path" value="E:\mysoft\jdk1.8.0_66\jdk1.8.0_66\bin;C:\Windows\Sun\Java\bin;C:\Windows\system32;C:\Windows;E:/mysoft/jdk1.8.0_66/jdk1.8.0_66/bin/../jre/bin/server;E:/mysoft/jdk1.8.0_66/jdk1.8.0_66/bin/../jre/bin;E:/mysoft/jdk1.8.0_66/jdk1.8.0_66/bin/../jre/lib/amd64;E:\mysoft\orcaleDataFile\product\11.2.0\dbhome_2\bin;E:\mysoft\orcaleDatas\product\11.2.0\dbhome_1\bin;C:\Windows\system32;C:\Windows;C:\Windows\System32\Wbem;C:\Windows\System32\WindowsPowerShell\v1.0\;E:\mysoft\jdk1.8.0_66\jdk1.8.0_66\bin;E:\mysoft\jdk1.8.0_66\jdk1.8.0_66\jre\bin;E:\mysoft\svn_tool\bin;C:\Program Files (x86)\Subversion\bin;E:\mysoft\apache-ant-1.9.6\bin;E:\mysoft\apache-maven-3.3.9\bin;E:\mysoft\MysqlServer\bin;E:\mysoft\apache-cxf-3.1.6\apache-cxf-3.1.6\bin;E:\mysoft\curl_tool\curl-7.49.1\I386;E:\mysoft\Git\Git\cmd;E:\mysoft\TortoiseGit\bin;E:\mysoft\Git\Git\usr\bin\;C:\Program Files (x86)\SSH Communications Security\SSH Secure Shell;E:\mysoft\eclipse-jee-luna-SR2-win32-x86_64\eclipse-jee-luna-SR2-win32-x86_64\eclipse;;."/>
    <property name="java.specification.name" value="Java Platform API Specification"/>
    <property name="java.class.version" value="52.0"/>
    <property name="sun.management.compiler" value="HotSpot 64-Bit Tiered Compilers"/>
    <property name="os.version" value="6.1"/>
    <property name="user.home" value="C:\Users\Administrator"/>
    <property name="user.timezone" value="Asia/Shanghai"/>
    <property name="java.awt.printerjob" value="sun.awt.windows.WPrinterJob"/>
    <property name="java.specification.version" value="1.8"/>
    <property name="file.encoding" value="UTF-8"/>
    <property name="user.name" value="Administrator"/>
    <property name="java.class.path" value="/E:/mysoft/eclipse-jee-luna-SR2-win32-x86_64/eclipse-jee-luna-SR2-win32-x86_64/eclipse/plugins/org.eclipse.m2e.maven.runtime_1.5.1.20150109-1819/jars/plexus-classworlds-2.5.1.jar"/>
    <property name="org.slf4j.simpleLogger.defaultLogLevel" value="info"/>
    <property name="java.vm.specification.version" value="1.8"/>
    <property name="sun.arch.data.model" value="64"/>
    <property name="java.home" value="E:\mysoft\jdk1.8.0_66\jdk1.8.0_66\jre"/>
    <property name="sun.java.command" value="org.codehaus.plexus.classworlds.launcher.Launcher -B -s E:\mavenJar\m2\settings.xml install"/>
    <property name="java.specification.vendor" value="Oracle Corporation"/>
    <property name="user.language" value="zh"/>
    <property name="awt.toolkit" value="sun.awt.windows.WToolkit"/>
    <property name="java.vm.info" value="mixed mode"/>
    <property name="java.version" value="1.8.0_66"/>
    <property name="java.ext.dirs" value="E:\mysoft\jdk1.8.0_66\jdk1.8.0_66\jre\lib\ext;C:\Windows\Sun\Java\lib\ext"/>
    <property name="sun.boot.class.path" value="E:\mysoft\jdk1.8.0_66\jdk1.8.0_66\jre\lib\resources.jar;E:\mysoft\jdk1.8.0_66\jdk1.8.0_66\jre\lib\rt.jar;E:\mysoft\jdk1.8.0_66\jdk1.8.0_66\jre\lib\sunrsasign.jar;E:\mysoft\jdk1.8.0_66\jdk1.8.0_66\jre\lib\jsse.jar;E:\mysoft\jdk1.8.0_66\jdk1.8.0_66\jre\lib\jce.jar;E:\mysoft\jdk1.8.0_66\jdk1.8.0_66\jre\lib\charsets.jar;E:\mysoft\jdk1.8.0_66\jdk1.8.0_66\jre\lib\jfr.jar;E:\mysoft\jdk1.8.0_66\jdk1.8.0_66\jre\classes"/>
    <property name="java.vendor" value="Oracle Corporation"/>
    <property name="maven.home" value="E:\eclipse\codeWorkspace\dongnao\dubbo-demo-parent-lvcr\EMBEDDED"/>
    <property name="file.separator" value="\"/>
    <property name="java.vendor.url.bug" value="http://bugreport.sun.com/bugreport/"/>
    <property name="sun.cpu.endian" value="little"/>
    <property name="sun.io.unicode.encoding" value="UnicodeLittle"/>
    <property name="sun.desktop" value="windows"/>
    <property name="sun.cpu.isalist" value="amd64"/>
  </properties>
  <testcase classname="org.dubbo.demo.api.lvcr.AppTest" name="testApp" time="0.004"/>
</testsuite>